<?xml version="1.0" encoding="UTF-8"?>
<!-- Generated by org.testng.reporters.JUnitXMLReporter -->
<testsuite hostname="Happy-PC" ignored="0" name="Default test" tests="3" failures="0" timestamp="27 Sep 2017 06:17:07 GMT" time="0.031" errors="0">
  <testcase name="f2" time="0.004" classname="com.Firstproject.one.Check"/>
  <testcase name="f1" time="0.002" classname="com.Firstproject.one.Check"/>
  <testcase name="f" time="0.001" classname="com.Firstproject.one.Check"/>
</testsuite> <!-- Default test -->
