<?xml version="1.0" encoding="UTF-8"?>
<!-- Generated by org.testng.reporters.JUnitReportReporter -->
<testsuite skipped="0" hostname="Happy-PC" name="com.commonLib.firstclass" tests="5" failures="0" timestamp="17 Jan 2018 09:51:04 GMT" time="0.013" errors="0">
  <testcase name="M4" time="0.001" classname="com.commonLib.firstclass"/>
  <testcase name="M1" time="0.004" classname="com.commonLib.firstclass"/>
  <testcase name="M2tocheck" time="0.006" classname="com.commonLib.firstclass"/>
  <testcase name="M3" time="0.001" classname="com.commonLib.firstclass"/>
  <testcase name="M2tofind" time="0.001" classname="com.commonLib.firstclass"/>
</testsuite> <!-- com.commonLib.firstclass -->
