<?xml version="1.0" encoding="UTF-8"?>
<!-- Generated by org.testng.reporters.JUnitXMLReporter -->
<testsuite hostname="Happy-PC" ignored="3" name="testone" tests="2" failures="0" timestamp="17 Jan 2018 09:24:32 GMT" time="0.026" errors="0">
  <testcase name="M2tofind" time="0.008" classname="com.commonLib.firstclass"/>
  <testcase name="M4" time="0.002" classname="com.commonLib.firstclass"/>
  <testcase name="M3" time="0.0" classname="com.commonLib.firstclass">
    <ignored/>
  </testcase> <!-- M3 -->
  <testcase name="M2tocheck" time="0.0" classname="com.commonLib.firstclass">
    <ignored/>
  </testcase> <!-- M2tocheck -->
  <testcase name="M1" time="0.0" classname="com.commonLib.firstclass">
    <ignored/>
  </testcase> <!-- M1 -->
</testsuite> <!-- testone -->
