<?xml version="1.0" encoding="UTF-8"?>
<!-- Generated by org.testng.reporters.JUnitXMLReporter -->
<testsuite hostname="Happy-PC" ignored="0" name="Testing" tests="5" failures="0" timestamp="17 Jan 2018 09:38:53 GMT" time="0.032" errors="0">
  <testcase name="M1" time="0.008" classname="com.commonLib.firstclass"/>
  <testcase name="M2tocheck" time="0.001" classname="com.commonLib.firstclass"/>
  <testcase name="M2tofind" time="0.001" classname="com.commonLib.firstclass"/>
  <testcase name="M3" time="0.0" classname="com.commonLib.firstclass"/>
  <testcase name="M4" time="0.0" classname="com.commonLib.firstclass"/>
</testsuite> <!-- Testing -->
