<?xml version="1.0" encoding="UTF-8"?>
<!-- Generated by org.testng.reporters.JUnitXMLReporter -->
<testsuite hostname="Happy-PC" ignored="2" name="SuiteTest2" tests="1" failures="0" timestamp="14 Mar 2018 11:49:17 GMT" time="0.003" errors="0">
  <testcase name="Secondtest" time="0.001" classname="com.Testing.Baseclass.parameterized"/>
  <testcase name="thirdtest" time="0.0" classname="com.Testing.Baseclass.parameterized">
    <ignored/>
  </testcase> <!-- thirdtest -->
  <testcase name="firsttest" time="0.0" classname="com.Testing.Baseclass.parameterized">
    <ignored/>
  </testcase> <!-- firsttest -->
</testsuite> <!-- SuiteTest2 -->
