<?xml version="1.0" encoding="UTF-8"?>
<!-- Generated by org.testng.reporters.JUnitXMLReporter -->
<testsuite hostname="Happy-PC" ignored="2" name="SuiteTest1" tests="1" failures="0" timestamp="14 Mar 2018 11:49:17 GMT" time="0.027" errors="0">
  <testcase name="firsttest" time="0.01" classname="com.Testing.Baseclass.parameterized"/>
  <testcase name="Secondtest" time="0.0" classname="com.Testing.Baseclass.parameterized">
    <ignored/>
  </testcase> <!-- Secondtest -->
  <testcase name="thirdtest" time="0.0" classname="com.Testing.Baseclass.parameterized">
    <ignored/>
  </testcase> <!-- thirdtest -->
</testsuite> <!-- SuiteTest1 -->
