<?xml version="1.0" encoding="UTF-8"?>
<!-- Generated by org.testng.reporters.JUnitXMLReporter -->
<testsuite hostname="Happy-PC" ignored="0" name="Test1" tests="1" failures="1" timestamp="07 Mar 2018 07:41:58 GMT" time="15.135" errors="0">
  <testcase name="testing" time="15.119" classname="Newstartproject.Testing.testcaseone">
    <failure type="java.lang.NullPointerException">
      <![CDATA[java.lang.NullPointerException
	at Newstartproject.Testing.testcaseone.testing(testcaseone.java:19)
... Removed 25 stack frames]]>
    </failure>
  </testcase> <!-- testing -->
</testsuite> <!-- Test1 -->
