<?xml version="1.0" encoding="UTF-8"?>
<!-- Generated by org.testng.reporters.JUnitXMLReporter -->
<testsuite hostname="Happy-PC" ignored="0" name="Test" tests="4" failures="0" timestamp="31 May 2018 11:40:58 GMT" time="0.047" errors="0">
  <testcase name="firstmethod" time="0.01" classname="com.multiple.sanity.firstclass"/>
  <testcase name="secondmethod" time="0.002" classname="com.multiple.sanity.firstclass"/>
  <testcase name="firstmethod" time="0.001" classname="com.multiple.sanity.secondclass"/>
  <testcase name="secondmethod" time="0.001" classname="com.multiple.sanity.secondclass"/>
</testsuite> <!-- Test -->
