<?xml version="1.0" encoding="UTF-8"?>
<testng-results skipped="0" failed="0" ignored="0" total="1" passed="1">
  <reporter-output>
  </reporter-output>
  <suite name="Default suite" duration-ms="44" started-at="2018-05-31T10:33:20Z" finished-at="2018-05-31T10:33:20Z">
    <groups>
    </groups>
    <test name="Default test" duration-ms="44" started-at="2018-05-31T10:33:20Z" finished-at="2018-05-31T10:33:20Z">
      <class name="com.Firstproject.one.NewTest">
        <test-method status="PASS" signature="f1()[pri:0, instance:com.Firstproject.one.NewTest@6d78f375]" name="f1" duration-ms="9" started-at="2018-05-31T16:03:20Z" finished-at="2018-05-31T16:03:20Z">
          <reporter-output>
          </reporter-output>
        </test-method> <!-- f1 -->
      </class> <!-- com.Firstproject.one.NewTest -->
    </test> <!-- Default test -->
  </suite> <!-- Default suite -->
</testng-results>
