<?xml version="1.0" encoding="UTF-8"?>
<testng-results skipped="0" failed="1" ignored="0" total="1" passed="0">
  <reporter-output>
  </reporter-output>
  <suite name="Default suite" duration-ms="61965" started-at="2017-09-01T10:09:23Z" finished-at="2017-09-01T10:10:25Z">
    <groups>
    </groups>
    <test name="Default test" duration-ms="61965" started-at="2017-09-01T10:09:23Z" finished-at="2017-09-01T10:10:25Z">
      <class name="com.Firstproject.one.Checkone">
        <test-method status="FAIL" signature="f()[pri:0, instance:com.Firstproject.one.Checkone@7921b0a2]" name="f" duration-ms="61943" started-at="2017-09-01T15:39:23Z" finished-at="2017-09-01T15:40:25Z">
          <exception class="org.openqa.selenium.WebDriverException">
            <message>
              <![CDATA[Element is not clickable at point (254.14999389648438, 166.85000610351562). Other element would receive the click: <div class="blockUI blockOverlay" style="z-index: 1000; border: medium none; margin: 0px; padding: 0px; width: 100%; height: 100%; top: 0px; left: 0px; background: rgb(255, 255, 255) none repeat scroll 0% 0%; opacity: 0.6; cursor: default; position: absolute;"></div>
Command duration or timeout: 82 milliseconds
Build info: version: '2.51.0', revision: '1af067d', time: '2016-02-05 19:15:17'
System info: host: 'Happy-PC', ip: '192.168.0.3', os.name: 'Windows 7', os.arch: 'amd64', os.version: '6.1', java.version: '1.8.0_144'
Driver info: org.openqa.selenium.firefox.FirefoxDriver
Capabilities [{applicationCacheEnabled=true, rotatable=false, handlesAlerts=true, databaseEnabled=true, version=42.0, platform=WINDOWS, nativeEvents=false, acceptSslCerts=true, webStorageEnabled=true, locationContextEnabled=true, browserName=firefox, takesScreenshot=true, javascriptEnabled=true, cssSelectorsEnabled=true}]
Session ID: 4d519e59-43c6-4858-aef3-a8986aef5897]]>
            </message>
            <full-stacktrace>
              <![CDATA[org.openqa.selenium.WebDriverException: Element is not clickable at point (254.14999389648438, 166.85000610351562). Other element would receive the click: <div class="blockUI blockOverlay" style="z-index: 1000; border: medium none; margin: 0px; padding: 0px; width: 100%; height: 100%; top: 0px; left: 0px; background: rgb(255, 255, 255) none repeat scroll 0% 0%; opacity: 0.6; cursor: default; position: absolute;"></div>
Command duration or timeout: 82 milliseconds
Build info: version: '2.51.0', revision: '1af067d', time: '2016-02-05 19:15:17'
System info: host: 'Happy-PC', ip: '192.168.0.3', os.name: 'Windows 7', os.arch: 'amd64', os.version: '6.1', java.version: '1.8.0_144'
Driver info: org.openqa.selenium.firefox.FirefoxDriver
Capabilities [{applicationCacheEnabled=true, rotatable=false, handlesAlerts=true, databaseEnabled=true, version=42.0, platform=WINDOWS, nativeEvents=false, acceptSslCerts=true, webStorageEnabled=true, locationContextEnabled=true, browserName=firefox, takesScreenshot=true, javascriptEnabled=true, cssSelectorsEnabled=true}]
Session ID: 4d519e59-43c6-4858-aef3-a8986aef5897
	at sun.reflect.NativeConstructorAccessorImpl.newInstance0(Native Method)
	at sun.reflect.NativeConstructorAccessorImpl.newInstance(Unknown Source)
	at sun.reflect.DelegatingConstructorAccessorImpl.newInstance(Unknown Source)
	at java.lang.reflect.Constructor.newInstance(Unknown Source)
	at org.openqa.selenium.remote.ErrorHandler.createThrowable(ErrorHandler.java:206)
	at org.openqa.selenium.remote.ErrorHandler.throwIfResponseFailed(ErrorHandler.java:158)
	at org.openqa.selenium.remote.RemoteWebDriver.execute(RemoteWebDriver.java:678)
	at org.openqa.selenium.remote.RemoteWebElement.execute(RemoteWebElement.java:327)
	at org.openqa.selenium.remote.RemoteWebElement.click(RemoteWebElement.java:85)
	at com.Firstproject.one.Checkone.f(Checkone.java:70)
	at sun.reflect.NativeMethodAccessorImpl.invoke0(Native Method)
	at sun.reflect.NativeMethodAccessorImpl.invoke(Unknown Source)
	at sun.reflect.DelegatingMethodAccessorImpl.invoke(Unknown Source)
	at java.lang.reflect.Method.invoke(Unknown Source)
	at org.testng.internal.MethodInvocationHelper.invokeMethod(MethodInvocationHelper.java:108)
	at org.testng.internal.Invoker.invokeMethod(Invoker.java:661)
	at org.testng.internal.Invoker.invokeTestMethod(Invoker.java:869)
	at org.testng.internal.Invoker.invokeTestMethods(Invoker.java:1193)
	at org.testng.internal.TestMethodWorker.invokeTestMethods(TestMethodWorker.java:126)
	at org.testng.internal.TestMethodWorker.run(TestMethodWorker.java:109)
	at org.testng.TestRunner.privateRun(TestRunner.java:744)
	at org.testng.TestRunner.run(TestRunner.java:602)
	at org.testng.SuiteRunner.runTest(SuiteRunner.java:380)
	at org.testng.SuiteRunner.runSequentially(SuiteRunner.java:375)
	at org.testng.SuiteRunner.privateRun(SuiteRunner.java:340)
	at org.testng.SuiteRunner.run(SuiteRunner.java:289)
	at org.testng.SuiteRunnerWorker.runSuite(SuiteRunnerWorker.java:52)
	at org.testng.SuiteRunnerWorker.run(SuiteRunnerWorker.java:86)
	at org.testng.TestNG.runSuitesSequentially(TestNG.java:1301)
	at org.testng.TestNG.runSuitesLocally(TestNG.java:1226)
	at org.testng.TestNG.runSuites(TestNG.java:1144)
	at org.testng.TestNG.run(TestNG.java:1115)
	at org.testng.remote.AbstractRemoteTestNG.run(AbstractRemoteTestNG.java:132)
	at org.testng.remote.RemoteTestNG.initAndRun(RemoteTestNG.java:230)
	at org.testng.remote.RemoteTestNG.main(RemoteTestNG.java:76)
]]>
            </full-stacktrace>
          </exception> <!-- org.openqa.selenium.WebDriverException -->
          <reporter-output>
          </reporter-output>
        </test-method> <!-- f -->
      </class> <!-- com.Firstproject.one.Checkone -->
    </test> <!-- Default test -->
  </suite> <!-- Default suite -->
</testng-results>
