<?xml version="1.0" encoding="UTF-8"?>
<testng-results skipped="0" failed="0" ignored="0" total="1" passed="1">
  <reporter-output>
  </reporter-output>
  <suite name="Default suite" duration-ms="440730" started-at="2018-06-04T04:41:29Z" finished-at="2018-06-04T04:48:49Z">
    <groups>
    </groups>
    <test name="Default test" duration-ms="440730" started-at="2018-06-04T04:41:29Z" finished-at="2018-06-04T04:48:49Z">
      <class name="Newstartproject.Testing.classusgunclasses">
        <test-method status="PASS" signature="testcaseone()[pri:0, instance:Newstartproject.Testing.classusgunclasses@39c0f4a]" name="testcaseone" duration-ms="440696" started-at="2018-06-04T10:11:29Z" finished-at="2018-06-04T10:18:49Z">
          <reporter-output>
          </reporter-output>
        </test-method> <!-- testcaseone -->
      </class> <!-- Newstartproject.Testing.classusgunclasses -->
    </test> <!-- Default test -->
  </suite> <!-- Default suite -->
</testng-results>
