<?xml version="1.0" encoding="UTF-8"?>
<testng-results skipped="0" failed="0" ignored="0" total="1" passed="1">
  <reporter-output>
  </reporter-output>
  <suite name="Default suite" duration-ms="25470" started-at="2018-02-02T12:10:45Z" finished-at="2018-02-02T12:11:10Z">
    <groups>
    </groups>
    <test name="Default test" duration-ms="25470" started-at="2018-02-02T12:10:45Z" finished-at="2018-02-02T12:11:10Z">
      <class name="Newstartproject.Testing.mycaarTest">
        <test-method status="PASS" signature="firsttestcase()[pri:0, instance:Newstartproject.Testing.mycaarTest@548e7350]" name="firsttestcase" duration-ms="23859" started-at="2018-02-02T17:40:45Z" finished-at="2018-02-02T17:41:08Z">
          <reporter-output>
          </reporter-output>
        </test-method> <!-- firsttestcase -->
        <test-method status="PASS" signature="verify(org.testng.ITestResult)[pri:0, instance:Newstartproject.Testing.mycaarTest@548e7350]" name="verify" is-config="true" duration-ms="1" started-at="2018-02-02T17:41:08Z" finished-at="2018-02-02T17:41:08Z">
          <params>
            <param index="0">
              <value>
                <![CDATA[[TestResult name=firsttestcase status=SUCCESS method=mycaarTest.firsttestcase()[pri:0, instance:Newstartproject.Testing.mycaarTest@548e7350] output={null}]]]>
              </value>
            </param>
          </params>
          <reporter-output>
          </reporter-output>
        </test-method> <!-- verify -->
        <test-method status="PASS" signature="finishit()[pri:0, instance:Newstartproject.Testing.mycaarTest@548e7350]" name="finishit" is-config="true" duration-ms="1593" started-at="2018-02-02T17:41:08Z" finished-at="2018-02-02T17:41:10Z">
          <reporter-output>
          </reporter-output>
        </test-method> <!-- finishit -->
      </class> <!-- Newstartproject.Testing.mycaarTest -->
    </test> <!-- Default test -->
  </suite> <!-- Default suite -->
</testng-results>
