<!DOCTYPE html PUBLIC "-//W3C//DTD XHTML 1.1//EN" "http://www.w3.org/TR/xhtml11/DTD/xhtml11.dtd">
<html xmlns="http://www.w3.org/1999/xhtml"><head><title>TestNG Report</title><style type="text/css">table {margin-bottom:10px;border-collapse:collapse;empty-cells:show}th,td {border:1px solid #009;padding:.25em .5em}th {vertical-align:bottom}td {vertical-align:top}table a {font-weight:bold}.stripe td {background-color: #E6EBF9}.num {text-align:right}.passedodd td {background-color: #3F3}.passedeven td {background-color: #0A0}.skippedodd td {background-color: #DDD}.skippedeven td {background-color: #CCC}.failedodd td,.attn {background-color: #F33}.failedeven td,.stripe .attn {background-color: #D00}.stacktrace {white-space:pre;font-family:monospace}.totop {font-size:85%;text-align:center;border-bottom:2px solid #000}</style></head><body><table><tr><th>Test</th><th># Passed</th><th># Skipped</th><th># Failed</th><th>Time (ms)</th><th>Included Groups</th><th>Excluded Groups</th></tr><tr><th colspan="7">Default suite</th></tr><tr><td><a href="#t0">Default test</a></td><td class="num">0</td><td class="num">0</td><td class="num attn">1</td><td class="num">52,819</td><td></td><td></td></tr></table><table id='summary'><thead><tr><th>Class</th><th>Method</th><th>Start</th><th>Time (ms)</th></tr></thead><tbody><tr><th colspan="4">Default suite</th></tr></tbody><tbody id="t0"><tr><th colspan="4">Default test &#8212; failed (configuration methods)</th></tr><tr class="failedeven"><td rowspan="1">lpackageone.impageupload</td><td><a href="#m0">tearDown</a></td><td rowspan="1">1529325160352</td><td rowspan="1">290</td></tr><tr><th colspan="4">Default test &#8212; failed</th></tr><tr class="failedeven"><td rowspan="1">lpackageone.impageupload</td><td><a href="#m1">testing1</a></td><td rowspan="1">1529325108006</td><td rowspan="1">52175</td></tr></tbody></table><h2>Default test</h2><h3 id="m0">lpackageone.impageupload#tearDown</h3><table class="result"><tr class="param"><th>Parameter #1</th></tr><tr class="param stripe"><td>[TestResult name=testing1 status=FAILURE method=impageupload.testing1()[pri:0, instance:lpackageone.impageupload@62ee68d8] output={null}]</td></tr><tr><th>Exception</th></tr><tr><td><div class="stacktrace">java.lang.NullPointerException
	at org.openqa.selenium.support.events.EventFiringWebDriver.extractInterfaces(EventFiringWebDriver.java:118)
	at org.openqa.selenium.support.events.EventFiringWebDriver.&lt;init&gt;(EventFiringWebDriver.java:90)
	at com.commonLib.Screenshot.takeAScreenShot(Screenshot.java:15)
	at lpackageone.impageupload.tearDown(impageupload.java:54)
	at sun.reflect.NativeMethodAccessorImpl.invoke0(Native Method)
	at sun.reflect.NativeMethodAccessorImpl.invoke(Unknown Source)
	at sun.reflect.DelegatingMethodAccessorImpl.invoke(Unknown Source)
	at java.lang.reflect.Method.invoke(Unknown Source)
	at org.testng.internal.MethodInvocationHelper.invokeMethod(MethodInvocationHelper.java:108)
	at org.testng.internal.Invoker.invokeConfigurationMethod(Invoker.java:523)
	at org.testng.internal.Invoker.invokeConfigurations(Invoker.java:224)
	at org.testng.internal.Invoker.invokeMethod(Invoker.java:723)
	at org.testng.internal.Invoker.invokeTestMethod(Invoker.java:869)
	at org.testng.internal.Invoker.invokeTestMethods(Invoker.java:1193)
	at org.testng.internal.TestMethodWorker.invokeTestMethods(TestMethodWorker.java:126)
	at org.testng.internal.TestMethodWorker.run(TestMethodWorker.java:109)
	at org.testng.TestRunner.privateRun(TestRunner.java:744)
	at org.testng.TestRunner.run(TestRunner.java:602)
	at org.testng.SuiteRunner.runTest(SuiteRunner.java:380)
	at org.testng.SuiteRunner.runSequentially(SuiteRunner.java:375)
	at org.testng.SuiteRunner.privateRun(SuiteRunner.java:340)
	at org.testng.SuiteRunner.run(SuiteRunner.java:289)
	at org.testng.SuiteRunnerWorker.runSuite(SuiteRunnerWorker.java:52)
	at org.testng.SuiteRunnerWorker.run(SuiteRunnerWorker.java:86)
	at org.testng.TestNG.runSuitesSequentially(TestNG.java:1301)
	at org.testng.TestNG.runSuitesLocally(TestNG.java:1226)
	at org.testng.TestNG.runSuites(TestNG.java:1144)
	at org.testng.TestNG.run(TestNG.java:1115)
	at org.testng.remote.AbstractRemoteTestNG.run(AbstractRemoteTestNG.java:132)
	at org.testng.remote.RemoteTestNG.initAndRun(RemoteTestNG.java:230)
	at org.testng.remote.RemoteTestNG.main(RemoteTestNG.java:76)
</div></td></tr></table><p class="totop"><a href="#summary">back to summary</a></p><h3 id="m1">lpackageone.impageupload#testing1</h3><table class="result"><tr><th>Exception</th></tr><tr><td><div class="stacktrace">org.openqa.selenium.WebDriverException: Failed to connect to binary FirefoxBinary(C:\Program Files (x86)\Mozilla Firefox\firefox.exe) on port 7055; process output follows: 
,&quot;skinnable&quot;:true,&quot;size&quot;:8201,&quot;sourceURI&quot;:null,&quot;releaseNotesURI&quot;:null,&quot;softDisabled&quot;:false,&quot;foreignInstall&quot;:false,&quot;hasBinaryComponents&quot;:false,&quot;strictCompatibility&quot;:true,&quot;locales&quot;:[],&quot;targetApplications&quot;:[{&quot;id&quot;:&quot;{ec8030f7-c20a-464f-9b0e-13a3a9e97384}&quot;,&quot;minVersion&quot;:&quot;54.0&quot;,&quot;maxVersion&quot;:&quot;54.0&quot;}],&quot;targetPlatforms&quot;:[],&quot;seen&quot;:true,&quot;dependencies&quot;:[],&quot;hasEmbeddedWebExtension&quot;:false,&quot;userPermissions&quot;:null}
1529325120042	addons.xpi	DEBUG	getModTime: Recursive scan of {972ce4c6-7e08-4474-a285-3208198ce6fd}
1529325120043	DeferredSave.extensions.json	DEBUG	Save changes
1529325120043	addons.xpi	DEBUG	Updating database with changes to installed add-ons
1529325120043	addons.xpi-utils	DEBUG	Updating add-on states
1529325120044	addons.xpi-utils	DEBUG	Writing add-ons list
1529325120046	addons.xpi	DEBUG	Registering manifest for C:\Program Files (x86)\Mozilla Firefox\browser\features\aushelper@mozilla.org.xpi
1529325120047	addons.xpi	DEBUG	Calling bootstrap method startup on aushelper@mozilla.org version 2.0
1529325120074	addons.xpi	DEBUG	Registering manifest for C:\Program Files (x86)\Mozilla Firefox\browser\features\e10srollout@mozilla.org.xpi
1529325120074	addons.xpi	DEBUG	Calling bootstrap method startup on e10srollout@mozilla.org version 1.50
1529325120075	addons.xpi	DEBUG	Registering manifest for C:\Program Files (x86)\Mozilla Firefox\browser\features\firefox@getpocket.com.xpi
1529325120075	addons.xpi	DEBUG	Calling bootstrap method startup on firefox@getpocket.com version 1.0.5
1529325120076	addons.xpi	DEBUG	Registering manifest for C:\Program Files (x86)\Mozilla Firefox\browser\features\screenshots@mozilla.org.xpi
1529325120077	addons.xpi	DEBUG	Calling bootstrap method startup on screenshots@mozilla.org version 6.6.0
1529325120077	addons.xpi	DEBUG	Registering manifest for C:\Program Files (x86)\Mozilla Firefox\browser\features\webcompat@mozilla.org.xpi
1529325120077	addons.xpi	DEBUG	Calling bootstrap method startup on webcompat@mozilla.org version 1.1
1529325120081	addons.manager	DEBUG	Registering shutdown blocker for XPIProvider
1529325120082	addons.manager	DEBUG	Provider finished startup: XPIProvider
1529325120082	addons.manager	DEBUG	Starting provider: LightweightThemeManager
1529325120082	addons.manager	DEBUG	Registering shutdown blocker for LightweightThemeManager
1529325120082	addons.manager	DEBUG	Provider finished startup: LightweightThemeManager
1529325120082	addons.manager	DEBUG	Starting provider: GMPProvider
1529325120144	addons.manager	DEBUG	Registering shutdown blocker for GMPProvider
1529325120144	addons.manager	DEBUG	Provider finished startup: GMPProvider
1529325120144	addons.manager	DEBUG	Starting provider: PluginProvider
1529325120145	addons.manager	DEBUG	Registering shutdown blocker for PluginProvider
1529325120145	addons.manager	DEBUG	Provider finished startup: PluginProvider
1529325120146	addons.manager	DEBUG	Completed startup sequence
1529325134850	addons.manager	DEBUG	Starting provider: &lt;unnamed-provider&gt;
1529325134851	addons.manager	DEBUG	Registering shutdown blocker for &lt;unnamed-provider&gt;
1529325134851	addons.manager	DEBUG	Provider finished startup: &lt;unnamed-provider&gt;
1529325137517	DeferredSave.extensions.json	DEBUG	Write succeeded
1529325137517	addons.xpi-utils	DEBUG	XPI Database saved, setting schema version preference to 19
1529325137518	DeferredSave.extensions.json	DEBUG	Starting timer
1529325137540	DeferredSave.extensions.json	DEBUG	Starting write
1529325137588	addons.repository	DEBUG	No addons.json found.
1529325137589	DeferredSave.addons.json	DEBUG	Save changes
1529325137607	DeferredSave.addons.json	DEBUG	Starting timer
1529325138105	addons.manager	DEBUG	Starting provider: PreviousExperimentProvider
1529325138105	addons.manager	DEBUG	Registering shutdown blocker for PreviousExperimentProvider
1529325138105	addons.manager	DEBUG	Provider finished startup: PreviousExperimentProvider
1529325138113	DeferredSave.addons.json	DEBUG	Starting write
1529325138134	DeferredSave.extensions.json	DEBUG	Write succeeded
1529325139368	DeferredSave.addons.json	DEBUG	Write succeeded

Build info: version: &apos;2.48.2&apos;, revision: &apos;41bccdd&apos;, time: &apos;2015-10-09 19:59:12&apos;
System info: host: &apos;Happy-PC&apos;, ip: &apos;192.168.0.2&apos;, os.name: &apos;Windows 7&apos;, os.arch: &apos;amd64&apos;, os.version: &apos;6.1&apos;, java.version: &apos;1.8.0_144&apos;
Driver info: driver.version: FirefoxDriver
	at org.openqa.selenium.firefox.internal.NewProfileExtensionConnection.start(NewProfileExtensionConnection.java:134)
	at org.openqa.selenium.firefox.FirefoxDriver.startClient(FirefoxDriver.java:271)
	at org.openqa.selenium.remote.RemoteWebDriver.&lt;init&gt;(RemoteWebDriver.java:117)
	at org.openqa.selenium.firefox.FirefoxDriver.&lt;init&gt;(FirefoxDriver.java:218)
	at org.openqa.selenium.firefox.FirefoxDriver.&lt;init&gt;(FirefoxDriver.java:211)
	at org.openqa.selenium.firefox.FirefoxDriver.&lt;init&gt;(FirefoxDriver.java:207)
	at org.openqa.selenium.firefox.FirefoxDriver.&lt;init&gt;(FirefoxDriver.java:120)
	at lpackageone.impageupload.testing1(impageupload.java:24)
	at sun.reflect.NativeMethodAccessorImpl.invoke0(Native Method)
	at sun.reflect.NativeMethodAccessorImpl.invoke(Unknown Source)
	at sun.reflect.DelegatingMethodAccessorImpl.invoke(Unknown Source)
	at java.lang.reflect.Method.invoke(Unknown Source)
	at org.testng.internal.MethodInvocationHelper.invokeMethod(MethodInvocationHelper.java:108)
	at org.testng.internal.Invoker.invokeMethod(Invoker.java:661)
	at org.testng.internal.Invoker.invokeTestMethod(Invoker.java:869)
	at org.testng.internal.Invoker.invokeTestMethods(Invoker.java:1193)
	at org.testng.internal.TestMethodWorker.invokeTestMethods(TestMethodWorker.java:126)
	at org.testng.internal.TestMethodWorker.run(TestMethodWorker.java:109)
	at org.testng.TestRunner.privateRun(TestRunner.java:744)
	at org.testng.TestRunner.run(TestRunner.java:602)
	at org.testng.SuiteRunner.runTest(SuiteRunner.java:380)
	at org.testng.SuiteRunner.runSequentially(SuiteRunner.java:375)
	at org.testng.SuiteRunner.privateRun(SuiteRunner.java:340)
	at org.testng.SuiteRunner.run(SuiteRunner.java:289)
	at org.testng.SuiteRunnerWorker.runSuite(SuiteRunnerWorker.java:52)
	at org.testng.SuiteRunnerWorker.run(SuiteRunnerWorker.java:86)
	at org.testng.TestNG.runSuitesSequentially(TestNG.java:1301)
	at org.testng.TestNG.runSuitesLocally(TestNG.java:1226)
	at org.testng.TestNG.runSuites(TestNG.java:1144)
	at org.testng.TestNG.run(TestNG.java:1115)
	at org.testng.remote.AbstractRemoteTestNG.run(AbstractRemoteTestNG.java:132)
	at org.testng.remote.RemoteTestNG.initAndRun(RemoteTestNG.java:230)
	at org.testng.remote.RemoteTestNG.main(RemoteTestNG.java:76)
Caused by: org.openqa.selenium.firefox.NotConnectedException: Unable to connect to host 127.0.0.1 on port 7055 after 45000 ms. Firefox console output:
,&quot;skinnable&quot;:true,&quot;size&quot;:8201,&quot;sourceURI&quot;:null,&quot;releaseNotesURI&quot;:null,&quot;softDisabled&quot;:false,&quot;foreignInstall&quot;:false,&quot;hasBinaryComponents&quot;:false,&quot;strictCompatibility&quot;:true,&quot;locales&quot;:[],&quot;targetApplications&quot;:[{&quot;id&quot;:&quot;{ec8030f7-c20a-464f-9b0e-13a3a9e97384}&quot;,&quot;minVersion&quot;:&quot;54.0&quot;,&quot;maxVersion&quot;:&quot;54.0&quot;}],&quot;targetPlatforms&quot;:[],&quot;seen&quot;:true,&quot;dependencies&quot;:[],&quot;hasEmbeddedWebExtension&quot;:false,&quot;userPermissions&quot;:null}
1529325120042	addons.xpi	DEBUG	getModTime: Recursive scan of {972ce4c6-7e08-4474-a285-3208198ce6fd}
1529325120043	DeferredSave.extensions.json	DEBUG	Save changes
1529325120043	addons.xpi	DEBUG	Updating database with changes to installed add-ons
1529325120043	addons.xpi-utils	DEBUG	Updating add-on states
1529325120044	addons.xpi-utils	DEBUG	Writing add-ons list
1529325120046	addons.xpi	DEBUG	Registering manifest for C:\Program Files (x86)\Mozilla Firefox\browser\features\aushelper@mozilla.org.xpi
1529325120047	addons.xpi	DEBUG	Calling bootstrap method startup on aushelper@mozilla.org version 2.0
1529325120074	addons.xpi	DEBUG	Registering manifest for C:\Program Files (x86)\Mozilla Firefox\browser\features\e10srollout@mozilla.org.xpi
1529325120074	addons.xpi	DEBUG	Calling bootstrap method startup on e10srollout@mozilla.org version 1.50
1529325120075	addons.xpi	DEBUG	Registering manifest for C:\Program Files (x86)\Mozilla Firefox\browser\features\firefox@getpocket.com.xpi
1529325120075	addons.xpi	DEBUG	Calling bootstrap method startup on firefox@getpocket.com version 1.0.5
1529325120076	addons.xpi	DEBUG	Registering manifest for C:\Program Files (x86)\Mozilla Firefox\browser\features\screenshots@mozilla.org.xpi
1529325120077	addons.xpi	DEBUG	Calling bootstrap method startup on screenshots@mozilla.org version 6.6.0
1529325120077	addons.xpi	DEBUG	Registering manifest for C:\Program Files (x86)\Mozilla Firefox\browser\features\webcompat@mozilla.org.xpi
1529325120077	addons.xpi	DEBUG	Calling bootstrap method startup on webcompat@mozilla.org version 1.1
1529325120081	addons.manager	DEBUG	Registering shutdown blocker for XPIProvider
1529325120082	addons.manager	DEBUG	Provider finished startup: XPIProvider
1529325120082	addons.manager	DEBUG	Starting provider: LightweightThemeManager
1529325120082	addons.manager	DEBUG	Registering shutdown blocker for LightweightThemeManager
1529325120082	addons.manager	DEBUG	Provider finished startup: LightweightThemeManager
1529325120082	addons.manager	DEBUG	Starting provider: GMPProvider
1529325120144	addons.manager	DEBUG	Registering shutdown blocker for GMPProvider
1529325120144	addons.manager	DEBUG	Provider finished startup: GMPProvider
1529325120144	addons.manager	DEBUG	Starting provider: PluginProvider
1529325120145	addons.manager	DEBUG	Registering shutdown blocker for PluginProvider
1529325120145	addons.manager	DEBUG	Provider finished startup: PluginProvider
1529325120146	addons.manager	DEBUG	Completed startup sequence
1529325134850	addons.manager	DEBUG	Starting provider: &lt;unnamed-provider&gt;
1529325134851	addons.manager	DEBUG	Registering shutdown blocker for &lt;unnamed-provider&gt;
1529325134851	addons.manager	DEBUG	Provider finished startup: &lt;unnamed-provider&gt;
1529325137517	DeferredSave.extensions.json	DEBUG	Write succeeded
1529325137517	addons.xpi-utils	DEBUG	XPI Database saved, setting schema version preference to 19
1529325137518	DeferredSave.extensions.json	DEBUG	Starting timer
1529325137540	DeferredSave.extensions.json	DEBUG	Starting write
1529325137588	addons.repository	DEBUG	No addons.json found.
1529325137589	DeferredSave.addons.json	DEBUG	Save changes
1529325137607	DeferredSave.addons.json	DEBUG	Starting timer
1529325138105	addons.manager	DEBUG	Starting provider: PreviousExperimentProvider
1529325138105	addons.manager	DEBUG	Registering shutdown blocker for PreviousExperimentProvider
1529325138105	addons.manager	DEBUG	Provider finished startup: PreviousExperimentProvider
1529325138113	DeferredSave.addons.json	DEBUG	Starting write
1529325138134	DeferredSave.extensions.json	DEBUG	Write succeeded
1529325139368	DeferredSave.addons.json	DEBUG	Write succeeded

	at org.openqa.selenium.firefox.internal.NewProfileExtensionConnection.start(NewProfileExtensionConnection.java:122)
	... 32 more
</div></td></tr></table><p class="totop"><a href="#summary">back to summary</a></p></body></html>