<?xml version="1.0" encoding="UTF-8"?>
<testng-results skipped="0" failed="0" ignored="0" total="1" passed="1">
  <reporter-output>
  </reporter-output>
  <suite name="newsuite" duration-ms="26840" started-at="2018-01-17T10:41:10Z" finished-at="2018-01-17T10:41:36Z">
    <groups>
    </groups>
    <test name="testone" duration-ms="26840" started-at="2018-01-17T10:41:10Z" finished-at="2018-01-17T10:41:36Z">
      <class name="com.commonLib.Parameterclass">
        <test-method status="PASS" signature="TestParameters(java.lang.String, java.lang.String)[pri:0, instance:com.commonLib.Parameterclass@6cc4c815]" name="TestParameters" duration-ms="26810" started-at="2018-01-17T16:11:10Z" finished-at="2018-01-17T16:11:36Z">
          <params>
            <param index="0">
              <value>
                <![CDATA[testuser_1]]>
              </value>
            </param>
            <param index="1">
              <value>
                <![CDATA[Test@123]]>
              </value>
            </param>
          </params>
          <reporter-output>
          </reporter-output>
        </test-method> <!-- TestParameters -->
      </class> <!-- com.commonLib.Parameterclass -->
    </test> <!-- testone -->
  </suite> <!-- newsuite -->
</testng-results>
